2019-09-12 19:04:31 [scrapy.utils.log] INFO: Scrapy 1.6.0 started (bot: Maoyan)
2019-09-12 19:04:31 [scrapy.utils.log] INFO: Versions: lxml 4.3.2.0, libxml2 2.9.9, cssselect 1.0.3, parsel 1.5.1, w3lib 1.20.0, Twisted 18.9.0, Python 3.6.8 (default, Aug 20 2019, 17:12:48) - [GCC 8.3.0], pyOpenSSL 19.0.0 (OpenSSL 1.1.1b  26 Feb 2019), cryptography 2.6.1, Platform Linux-5.0.0-27-generic-x86_64-with-Ubuntu-18.04-bionic
2019-09-12 19:04:31 [scrapy.crawler] INFO: Overridden settings: {'BOT_NAME': 'Maoyan', 'LOG_FILE': 'maoyan.log', 'LOG_LEVEL': 'INFO', 'NEWSPIDER_MODULE': 'Maoyan.spiders', 'SPIDER_MODULES': ['Maoyan.spiders']}
2019-09-12 19:04:31 [scrapy.extensions.telnet] INFO: Telnet Password: 3d8884649acae120
2019-09-12 19:04:31 [scrapy.middleware] INFO: Enabled extensions:
['scrapy.extensions.corestats.CoreStats',
 'scrapy.extensions.telnet.TelnetConsole',
 'scrapy.extensions.memusage.MemoryUsage',
 'scrapy.extensions.logstats.LogStats']
2019-09-12 19:04:31 [scrapy.middleware] INFO: Enabled downloader middlewares:
['scrapy.downloadermiddlewares.httpauth.HttpAuthMiddleware',
 'scrapy.downloadermiddlewares.downloadtimeout.DownloadTimeoutMiddleware',
 'scrapy.downloadermiddlewares.defaultheaders.DefaultHeadersMiddleware',
 'scrapy.downloadermiddlewares.useragent.UserAgentMiddleware',
 'scrapy.downloadermiddlewares.retry.RetryMiddleware',
 'scrapy.downloadermiddlewares.redirect.MetaRefreshMiddleware',
 'scrapy.downloadermiddlewares.httpcompression.HttpCompressionMiddleware',
 'scrapy.downloadermiddlewares.redirect.RedirectMiddleware',
 'scrapy.downloadermiddlewares.cookies.CookiesMiddleware',
 'scrapy.downloadermiddlewares.httpproxy.HttpProxyMiddleware',
 'scrapy.downloadermiddlewares.stats.DownloaderStats']
2019-09-12 19:04:31 [scrapy.middleware] INFO: Enabled spider middlewares:
['scrapy.spidermiddlewares.httperror.HttpErrorMiddleware',
 'scrapy.spidermiddlewares.offsite.OffsiteMiddleware',
 'scrapy.spidermiddlewares.referer.RefererMiddleware',
 'scrapy.spidermiddlewares.urllength.UrlLengthMiddleware',
 'scrapy.spidermiddlewares.depth.DepthMiddleware']
2019-09-12 19:04:31 [scrapy.middleware] INFO: Enabled item pipelines:
['Maoyan.pipelines.MaoyanPipeline']
2019-09-12 19:04:31 [scrapy.core.engine] INFO: Spider opened
2019-09-12 19:04:31 [scrapy.extensions.logstats] INFO: Crawled 0 pages (at 0 pages/min), scraped 0 items (at 0 items/min)
2019-09-12 19:04:31 [scrapy.extensions.telnet] INFO: Telnet console listening on 127.0.0.1:6023
2019-09-12 19:04:32 [scrapy.core.engine] INFO: Closing spider (finished)
2019-09-12 19:04:32 [scrapy.statscollectors] INFO: Dumping Scrapy stats:
{'downloader/request_bytes': 2029,
 'downloader/request_count': 10,
 'downloader/request_method_count/GET': 10,
 'downloader/response_bytes': 63423,
 'downloader/response_count': 10,
 'downloader/response_status_count/200': 10,
 'finish_reason': 'finished',
 'finish_time': datetime.datetime(2019, 9, 12, 11, 4, 32, 396631),
 'item_scraped_count': 100,
 'log_count/INFO': 9,
 'memusage/max': 1498177536,
 'memusage/startup': 1498177536,
 'response_received_count': 10,
 'scheduler/dequeued': 10,
 'scheduler/dequeued/memory': 10,
 'scheduler/enqueued': 10,
 'scheduler/enqueued/memory': 10,
 'start_time': datetime.datetime(2019, 9, 12, 11, 4, 31, 936575)}
2019-09-12 19:04:32 [scrapy.core.engine] INFO: Spider closed (finished)
2019-09-12 19:20:07 [scrapy.utils.log] INFO: Scrapy 1.6.0 started (bot: Maoyan)
2019-09-12 19:20:07 [scrapy.utils.log] INFO: Versions: lxml 4.3.2.0, libxml2 2.9.9, cssselect 1.0.3, parsel 1.5.1, w3lib 1.20.0, Twisted 18.9.0, Python 3.6.8 (default, Aug 20 2019, 17:12:48) - [GCC 8.3.0], pyOpenSSL 19.0.0 (OpenSSL 1.1.1b  26 Feb 2019), cryptography 2.6.1, Platform Linux-5.0.0-27-generic-x86_64-with-Ubuntu-18.04-bionic
2019-09-12 19:20:07 [scrapy.crawler] INFO: Overridden settings: {'BOT_NAME': 'Maoyan', 'LOG_FILE': 'maoyan.log', 'LOG_LEVEL': 'INFO', 'NEWSPIDER_MODULE': 'Maoyan.spiders', 'SPIDER_MODULES': ['Maoyan.spiders']}
2019-09-12 19:20:07 [scrapy.extensions.telnet] INFO: Telnet Password: b330a7ff47055ee1
2019-09-12 19:20:07 [scrapy.middleware] INFO: Enabled extensions:
['scrapy.extensions.corestats.CoreStats',
 'scrapy.extensions.telnet.TelnetConsole',
 'scrapy.extensions.memusage.MemoryUsage',
 'scrapy.extensions.logstats.LogStats']
2019-09-12 19:20:07 [scrapy.middleware] INFO: Enabled downloader middlewares:
['scrapy.downloadermiddlewares.httpauth.HttpAuthMiddleware',
 'scrapy.downloadermiddlewares.downloadtimeout.DownloadTimeoutMiddleware',
 'scrapy.downloadermiddlewares.defaultheaders.DefaultHeadersMiddleware',
 'scrapy.downloadermiddlewares.useragent.UserAgentMiddleware',
 'scrapy.downloadermiddlewares.retry.RetryMiddleware',
 'scrapy.downloadermiddlewares.redirect.MetaRefreshMiddleware',
 'scrapy.downloadermiddlewares.httpcompression.HttpCompressionMiddleware',
 'scrapy.downloadermiddlewares.redirect.RedirectMiddleware',
 'scrapy.downloadermiddlewares.cookies.CookiesMiddleware',
 'scrapy.downloadermiddlewares.httpproxy.HttpProxyMiddleware',
 'scrapy.downloadermiddlewares.stats.DownloaderStats']
2019-09-12 19:20:07 [scrapy.middleware] INFO: Enabled spider middlewares:
['scrapy.spidermiddlewares.httperror.HttpErrorMiddleware',
 'scrapy.spidermiddlewares.offsite.OffsiteMiddleware',
 'scrapy.spidermiddlewares.referer.RefererMiddleware',
 'scrapy.spidermiddlewares.urllength.UrlLengthMiddleware',
 'scrapy.spidermiddlewares.depth.DepthMiddleware']
2019-09-12 19:20:07 [scrapy.middleware] INFO: Enabled item pipelines:
['Maoyan.pipelines.MaoyanMysqlPipeline', 'Maoyan.pipelines.MaoyanPipeline']
2019-09-12 19:20:07 [scrapy.core.engine] INFO: Spider opened
2019-09-12 19:20:07 [scrapy.core.engine] INFO: Closing spider (shutdown)
2019-09-12 19:20:07 [scrapy.statscollectors] INFO: Dumping Scrapy stats:
{'finish_reason': 'shutdown',
 'finish_time': datetime.datetime(2019, 9, 12, 11, 20, 7, 293695),
 'log_count/INFO': 7}
2019-09-12 19:20:07 [scrapy.core.engine] INFO: Spider closed (shutdown)
2019-09-12 19:20:07 [twisted] CRITICAL: Unhandled error in Deferred:
2019-09-12 19:20:07 [twisted] CRITICAL: 
Traceback (most recent call last):
  File "/usr/local/lib/python3.6/dist-packages/twisted/internet/defer.py", line 1418, in _inlineCallbacks
    result = g.send(result)
  File "/usr/local/lib/python3.6/dist-packages/scrapy/crawler.py", line 82, in crawl
    yield self.engine.open_spider(self.spider, start_requests)
AttributeError: 'NoneType' object has no attribute 'encoding'
2019-09-12 19:22:04 [scrapy.utils.log] INFO: Scrapy 1.6.0 started (bot: Maoyan)
2019-09-12 19:22:04 [scrapy.utils.log] INFO: Versions: lxml 4.3.2.0, libxml2 2.9.9, cssselect 1.0.3, parsel 1.5.1, w3lib 1.20.0, Twisted 18.9.0, Python 3.6.8 (default, Aug 20 2019, 17:12:48) - [GCC 8.3.0], pyOpenSSL 19.0.0 (OpenSSL 1.1.1b  26 Feb 2019), cryptography 2.6.1, Platform Linux-5.0.0-27-generic-x86_64-with-Ubuntu-18.04-bionic
2019-09-12 19:22:04 [scrapy.crawler] INFO: Overridden settings: {'BOT_NAME': 'Maoyan', 'LOG_FILE': 'maoyan.log', 'LOG_LEVEL': 'INFO', 'NEWSPIDER_MODULE': 'Maoyan.spiders', 'SPIDER_MODULES': ['Maoyan.spiders']}
2019-09-12 19:22:04 [scrapy.extensions.telnet] INFO: Telnet Password: f13e3d4fd39c0d06
2019-09-12 19:22:04 [scrapy.middleware] INFO: Enabled extensions:
['scrapy.extensions.corestats.CoreStats',
 'scrapy.extensions.telnet.TelnetConsole',
 'scrapy.extensions.memusage.MemoryUsage',
 'scrapy.extensions.logstats.LogStats']
2019-09-12 19:22:04 [scrapy.middleware] INFO: Enabled downloader middlewares:
['scrapy.downloadermiddlewares.httpauth.HttpAuthMiddleware',
 'scrapy.downloadermiddlewares.downloadtimeout.DownloadTimeoutMiddleware',
 'scrapy.downloadermiddlewares.defaultheaders.DefaultHeadersMiddleware',
 'scrapy.downloadermiddlewares.useragent.UserAgentMiddleware',
 'scrapy.downloadermiddlewares.retry.RetryMiddleware',
 'scrapy.downloadermiddlewares.redirect.MetaRefreshMiddleware',
 'scrapy.downloadermiddlewares.httpcompression.HttpCompressionMiddleware',
 'scrapy.downloadermiddlewares.redirect.RedirectMiddleware',
 'scrapy.downloadermiddlewares.cookies.CookiesMiddleware',
 'scrapy.downloadermiddlewares.httpproxy.HttpProxyMiddleware',
 'scrapy.downloadermiddlewares.stats.DownloaderStats']
2019-09-12 19:22:04 [scrapy.middleware] INFO: Enabled spider middlewares:
['scrapy.spidermiddlewares.httperror.HttpErrorMiddleware',
 'scrapy.spidermiddlewares.offsite.OffsiteMiddleware',
 'scrapy.spidermiddlewares.referer.RefererMiddleware',
 'scrapy.spidermiddlewares.urllength.UrlLengthMiddleware',
 'scrapy.spidermiddlewares.depth.DepthMiddleware']
2019-09-12 19:22:04 [scrapy.middleware] INFO: Enabled item pipelines:
['Maoyan.pipelines.MaoyanMysqlPipeline', 'Maoyan.pipelines.MaoyanPipeline']
2019-09-12 19:22:04 [scrapy.core.engine] INFO: Spider opened
2019-09-12 19:22:04 [scrapy.core.engine] INFO: Closing spider (shutdown)
2019-09-12 19:22:04 [scrapy.statscollectors] INFO: Dumping Scrapy stats:
{'finish_reason': 'shutdown',
 'finish_time': datetime.datetime(2019, 9, 12, 11, 22, 4, 862334),
 'log_count/INFO': 7}
2019-09-12 19:22:04 [scrapy.core.engine] INFO: Spider closed (shutdown)
2019-09-12 19:22:04 [twisted] CRITICAL: Unhandled error in Deferred:
2019-09-12 19:22:04 [twisted] CRITICAL: 
Traceback (most recent call last):
  File "/usr/local/lib/python3.6/dist-packages/twisted/internet/defer.py", line 1418, in _inlineCallbacks
    result = g.send(result)
  File "/usr/local/lib/python3.6/dist-packages/scrapy/crawler.py", line 82, in crawl
    yield self.engine.open_spider(self.spider, start_requests)
AttributeError: 'NoneType' object has no attribute 'encoding'
2019-09-12 19:23:27 [scrapy.utils.log] INFO: Scrapy 1.6.0 started (bot: Maoyan)
2019-09-12 19:23:27 [scrapy.utils.log] INFO: Versions: lxml 4.3.2.0, libxml2 2.9.9, cssselect 1.0.3, parsel 1.5.1, w3lib 1.20.0, Twisted 18.9.0, Python 3.6.8 (default, Aug 20 2019, 17:12:48) - [GCC 8.3.0], pyOpenSSL 19.0.0 (OpenSSL 1.1.1b  26 Feb 2019), cryptography 2.6.1, Platform Linux-5.0.0-27-generic-x86_64-with-Ubuntu-18.04-bionic
2019-09-12 19:23:27 [scrapy.crawler] INFO: Overridden settings: {'BOT_NAME': 'Maoyan', 'LOG_FILE': 'maoyan.log', 'LOG_LEVEL': 'INFO', 'NEWSPIDER_MODULE': 'Maoyan.spiders', 'SPIDER_MODULES': ['Maoyan.spiders']}
2019-09-12 19:23:27 [scrapy.extensions.telnet] INFO: Telnet Password: b9a126c7ce4df2e1
2019-09-12 19:23:27 [scrapy.middleware] INFO: Enabled extensions:
['scrapy.extensions.corestats.CoreStats',
 'scrapy.extensions.telnet.TelnetConsole',
 'scrapy.extensions.memusage.MemoryUsage',
 'scrapy.extensions.logstats.LogStats']
2019-09-12 19:23:27 [scrapy.middleware] INFO: Enabled downloader middlewares:
['scrapy.downloadermiddlewares.httpauth.HttpAuthMiddleware',
 'scrapy.downloadermiddlewares.downloadtimeout.DownloadTimeoutMiddleware',
 'scrapy.downloadermiddlewares.defaultheaders.DefaultHeadersMiddleware',
 'scrapy.downloadermiddlewares.useragent.UserAgentMiddleware',
 'scrapy.downloadermiddlewares.retry.RetryMiddleware',
 'scrapy.downloadermiddlewares.redirect.MetaRefreshMiddleware',
 'scrapy.downloadermiddlewares.httpcompression.HttpCompressionMiddleware',
 'scrapy.downloadermiddlewares.redirect.RedirectMiddleware',
 'scrapy.downloadermiddlewares.cookies.CookiesMiddleware',
 'scrapy.downloadermiddlewares.httpproxy.HttpProxyMiddleware',
 'scrapy.downloadermiddlewares.stats.DownloaderStats']
2019-09-12 19:23:27 [scrapy.middleware] INFO: Enabled spider middlewares:
['scrapy.spidermiddlewares.httperror.HttpErrorMiddleware',
 'scrapy.spidermiddlewares.offsite.OffsiteMiddleware',
 'scrapy.spidermiddlewares.referer.RefererMiddleware',
 'scrapy.spidermiddlewares.urllength.UrlLengthMiddleware',
 'scrapy.spidermiddlewares.depth.DepthMiddleware']
2019-09-12 19:23:27 [scrapy.middleware] INFO: Enabled item pipelines:
['Maoyan.pipelines.MaoyanMysqlPipeline', 'Maoyan.pipelines.MaoyanPipeline']
2019-09-12 19:23:27 [scrapy.core.engine] INFO: Spider opened
2019-09-12 19:23:27 [scrapy.extensions.logstats] INFO: Crawled 0 pages (at 0 pages/min), scraped 0 items (at 0 items/min)
2019-09-12 19:23:27 [scrapy.extensions.telnet] INFO: Telnet console listening on 127.0.0.1:6023
2019-09-12 19:23:33 [scrapy.core.engine] INFO: Closing spider (finished)
2019-09-12 19:23:33 [scrapy.statscollectors] INFO: Dumping Scrapy stats:
{'downloader/request_bytes': 2029,
 'downloader/request_count': 10,
 'downloader/request_method_count/GET': 10,
 'downloader/response_bytes': 63421,
 'downloader/response_count': 10,
 'downloader/response_status_count/200': 10,
 'finish_reason': 'finished',
 'finish_time': datetime.datetime(2019, 9, 12, 11, 23, 33, 118292),
 'item_scraped_count': 100,
 'log_count/INFO': 9,
 'memusage/max': 1498177536,
 'memusage/startup': 1498177536,
 'response_received_count': 10,
 'scheduler/dequeued': 10,
 'scheduler/dequeued/memory': 10,
 'scheduler/enqueued': 10,
 'scheduler/enqueued/memory': 10,
 'start_time': datetime.datetime(2019, 9, 12, 11, 23, 27, 679301)}
2019-09-12 19:23:33 [scrapy.core.engine] INFO: Spider closed (finished)
2019-09-12 19:37:18 [scrapy.utils.log] INFO: Scrapy 1.6.0 started (bot: Maoyan)
2019-09-12 19:37:18 [scrapy.utils.log] INFO: Versions: lxml 4.3.2.0, libxml2 2.9.9, cssselect 1.0.3, parsel 1.5.1, w3lib 1.20.0, Twisted 18.9.0, Python 3.6.8 (default, Aug 20 2019, 17:12:48) - [GCC 8.3.0], pyOpenSSL 19.0.0 (OpenSSL 1.1.1b  26 Feb 2019), cryptography 2.6.1, Platform Linux-5.0.0-27-generic-x86_64-with-Ubuntu-18.04-bionic
2019-09-12 19:37:18 [scrapy.crawler] INFO: Overridden settings: {'BOT_NAME': 'Maoyan', 'LOG_FILE': 'maoyan.log', 'LOG_LEVEL': 'INFO', 'NEWSPIDER_MODULE': 'Maoyan.spiders', 'SPIDER_MODULES': ['Maoyan.spiders']}
2019-09-12 19:37:18 [scrapy.extensions.telnet] INFO: Telnet Password: 60f9724a11e0f7c8
2019-09-12 19:37:18 [scrapy.middleware] INFO: Enabled extensions:
['scrapy.extensions.corestats.CoreStats',
 'scrapy.extensions.telnet.TelnetConsole',
 'scrapy.extensions.memusage.MemoryUsage',
 'scrapy.extensions.logstats.LogStats']
2019-09-12 19:37:18 [scrapy.middleware] INFO: Enabled downloader middlewares:
['scrapy.downloadermiddlewares.httpauth.HttpAuthMiddleware',
 'scrapy.downloadermiddlewares.downloadtimeout.DownloadTimeoutMiddleware',
 'scrapy.downloadermiddlewares.defaultheaders.DefaultHeadersMiddleware',
 'scrapy.downloadermiddlewares.useragent.UserAgentMiddleware',
 'scrapy.downloadermiddlewares.retry.RetryMiddleware',
 'scrapy.downloadermiddlewares.redirect.MetaRefreshMiddleware',
 'scrapy.downloadermiddlewares.httpcompression.HttpCompressionMiddleware',
 'scrapy.downloadermiddlewares.redirect.RedirectMiddleware',
 'scrapy.downloadermiddlewares.cookies.CookiesMiddleware',
 'scrapy.downloadermiddlewares.httpproxy.HttpProxyMiddleware',
 'scrapy.downloadermiddlewares.stats.DownloaderStats']
2019-09-12 19:37:18 [scrapy.middleware] INFO: Enabled spider middlewares:
['scrapy.spidermiddlewares.httperror.HttpErrorMiddleware',
 'scrapy.spidermiddlewares.offsite.OffsiteMiddleware',
 'scrapy.spidermiddlewares.referer.RefererMiddleware',
 'scrapy.spidermiddlewares.urllength.UrlLengthMiddleware',
 'scrapy.spidermiddlewares.depth.DepthMiddleware']
2019-09-12 19:37:18 [scrapy.crawler] INFO: Received SIGINT, shutting down gracefully. Send again to force 
2019-09-12 19:37:19 [scrapy.middleware] INFO: Enabled item pipelines:
['Maoyan.pipelines.MaoyanMysqlPipeline', 'Maoyan.pipelines.MaoyanPipeline']
2019-09-12 19:37:19 [scrapy.core.engine] INFO: Spider opened
2019-09-12 19:37:19 [scrapy.extensions.logstats] INFO: Crawled 0 pages (at 0 pages/min), scraped 0 items (at 0 items/min)
2019-09-12 19:37:19 [scrapy.extensions.telnet] INFO: Telnet console listening on 127.0.0.1:6023
2019-09-12 19:37:19 [scrapy.core.engine] INFO: Closing spider (shutdown)
2019-09-12 19:37:19 [scrapy.statscollectors] INFO: Dumping Scrapy stats:
{'finish_reason': 'shutdown',
 'finish_time': datetime.datetime(2019, 9, 12, 11, 37, 19, 178374),
 'log_count/INFO': 10,
 'memusage/max': 1498177536,
 'memusage/startup': 1498177536,
 'start_time': datetime.datetime(2019, 9, 12, 11, 37, 19, 174264)}
2019-09-12 19:37:19 [scrapy.core.engine] INFO: Spider closed (shutdown)
2019-09-12 19:37:56 [scrapy.utils.log] INFO: Scrapy 1.6.0 started (bot: Maoyan)
2019-09-12 19:37:56 [scrapy.utils.log] INFO: Versions: lxml 4.3.2.0, libxml2 2.9.9, cssselect 1.0.3, parsel 1.5.1, w3lib 1.20.0, Twisted 18.9.0, Python 3.6.8 (default, Aug 20 2019, 17:12:48) - [GCC 8.3.0], pyOpenSSL 19.0.0 (OpenSSL 1.1.1b  26 Feb 2019), cryptography 2.6.1, Platform Linux-5.0.0-27-generic-x86_64-with-Ubuntu-18.04-bionic
2019-09-12 19:37:56 [scrapy.crawler] INFO: Overridden settings: {'BOT_NAME': 'Maoyan', 'LOG_FILE': 'maoyan.log', 'LOG_LEVEL': 'INFO', 'NEWSPIDER_MODULE': 'Maoyan.spiders', 'SPIDER_MODULES': ['Maoyan.spiders']}
2019-09-12 19:37:56 [scrapy.extensions.telnet] INFO: Telnet Password: 5e8c7d0de261f56d
2019-09-12 19:37:56 [scrapy.middleware] INFO: Enabled extensions:
['scrapy.extensions.corestats.CoreStats',
 'scrapy.extensions.telnet.TelnetConsole',
 'scrapy.extensions.memusage.MemoryUsage',
 'scrapy.extensions.logstats.LogStats']
2019-09-12 19:37:56 [scrapy.middleware] INFO: Enabled downloader middlewares:
['scrapy.downloadermiddlewares.httpauth.HttpAuthMiddleware',
 'scrapy.downloadermiddlewares.downloadtimeout.DownloadTimeoutMiddleware',
 'scrapy.downloadermiddlewares.defaultheaders.DefaultHeadersMiddleware',
 'scrapy.downloadermiddlewares.useragent.UserAgentMiddleware',
 'scrapy.downloadermiddlewares.retry.RetryMiddleware',
 'scrapy.downloadermiddlewares.redirect.MetaRefreshMiddleware',
 'scrapy.downloadermiddlewares.httpcompression.HttpCompressionMiddleware',
 'scrapy.downloadermiddlewares.redirect.RedirectMiddleware',
 'scrapy.downloadermiddlewares.cookies.CookiesMiddleware',
 'scrapy.downloadermiddlewares.httpproxy.HttpProxyMiddleware',
 'scrapy.downloadermiddlewares.stats.DownloaderStats']
2019-09-12 19:37:56 [scrapy.middleware] INFO: Enabled spider middlewares:
['scrapy.spidermiddlewares.httperror.HttpErrorMiddleware',
 'scrapy.spidermiddlewares.offsite.OffsiteMiddleware',
 'scrapy.spidermiddlewares.referer.RefererMiddleware',
 'scrapy.spidermiddlewares.urllength.UrlLengthMiddleware',
 'scrapy.spidermiddlewares.depth.DepthMiddleware']
2019-09-12 19:37:56 [scrapy.middleware] INFO: Enabled item pipelines:
['Maoyan.pipelines.MaoyanMysqlPipeline',
 'Maoyan.pipelines.MaoyanMongoPipeline',
 'Maoyan.pipelines.MaoyanPipeline']
2019-09-12 19:37:56 [scrapy.core.engine] INFO: Spider opened
2019-09-12 19:37:56 [scrapy.extensions.logstats] INFO: Crawled 0 pages (at 0 pages/min), scraped 0 items (at 0 items/min)
2019-09-12 19:37:56 [scrapy.extensions.telnet] INFO: Telnet console listening on 127.0.0.1:6023
2019-09-12 19:38:02 [scrapy.core.engine] INFO: Closing spider (finished)
2019-09-12 19:38:02 [scrapy.statscollectors] INFO: Dumping Scrapy stats:
{'downloader/request_bytes': 2029,
 'downloader/request_count': 10,
 'downloader/request_method_count/GET': 10,
 'downloader/response_bytes': 63426,
 'downloader/response_count': 10,
 'downloader/response_status_count/200': 10,
 'finish_reason': 'finished',
 'finish_time': datetime.datetime(2019, 9, 12, 11, 38, 2, 995231),
 'item_scraped_count': 100,
 'log_count/INFO': 9,
 'memusage/max': 1498177536,
 'memusage/startup': 1498177536,
 'response_received_count': 10,
 'scheduler/dequeued': 10,
 'scheduler/dequeued/memory': 10,
 'scheduler/enqueued': 10,
 'scheduler/enqueued/memory': 10,
 'start_time': datetime.datetime(2019, 9, 12, 11, 37, 56, 499432)}
2019-09-12 19:38:02 [scrapy.core.engine] INFO: Spider closed (finished)
2019-09-12 19:43:44 [scrapy.utils.log] INFO: Scrapy 1.6.0 started (bot: Maoyan)
2019-09-12 19:43:44 [scrapy.utils.log] INFO: Versions: lxml 4.3.2.0, libxml2 2.9.9, cssselect 1.0.3, parsel 1.5.1, w3lib 1.20.0, Twisted 18.9.0, Python 3.6.8 (default, Aug 20 2019, 17:12:48) - [GCC 8.3.0], pyOpenSSL 19.0.0 (OpenSSL 1.1.1b  26 Feb 2019), cryptography 2.6.1, Platform Linux-5.0.0-27-generic-x86_64-with-Ubuntu-18.04-bionic
2019-09-12 19:43:44 [scrapy.crawler] INFO: Overridden settings: {'BOT_NAME': 'Maoyan', 'FEED_FORMAT': 'json', 'FEED_URI': 'maoyan.json', 'LOG_FILE': 'maoyan.log', 'LOG_LEVEL': 'INFO', 'NEWSPIDER_MODULE': 'Maoyan.spiders', 'SPIDER_MODULES': ['Maoyan.spiders']}
2019-09-12 19:43:44 [scrapy.extensions.telnet] INFO: Telnet Password: 879af65e2fcf5698
2019-09-12 19:43:44 [scrapy.middleware] INFO: Enabled extensions:
['scrapy.extensions.corestats.CoreStats',
 'scrapy.extensions.telnet.TelnetConsole',
 'scrapy.extensions.memusage.MemoryUsage',
 'scrapy.extensions.feedexport.FeedExporter',
 'scrapy.extensions.logstats.LogStats']
2019-09-12 19:43:45 [scrapy.middleware] INFO: Enabled downloader middlewares:
['scrapy.downloadermiddlewares.httpauth.HttpAuthMiddleware',
 'scrapy.downloadermiddlewares.downloadtimeout.DownloadTimeoutMiddleware',
 'scrapy.downloadermiddlewares.defaultheaders.DefaultHeadersMiddleware',
 'scrapy.downloadermiddlewares.useragent.UserAgentMiddleware',
 'scrapy.downloadermiddlewares.retry.RetryMiddleware',
 'scrapy.downloadermiddlewares.redirect.MetaRefreshMiddleware',
 'scrapy.downloadermiddlewares.httpcompression.HttpCompressionMiddleware',
 'scrapy.downloadermiddlewares.redirect.RedirectMiddleware',
 'scrapy.downloadermiddlewares.cookies.CookiesMiddleware',
 'scrapy.downloadermiddlewares.httpproxy.HttpProxyMiddleware',
 'scrapy.downloadermiddlewares.stats.DownloaderStats']
2019-09-12 19:43:45 [scrapy.middleware] INFO: Enabled spider middlewares:
['scrapy.spidermiddlewares.httperror.HttpErrorMiddleware',
 'scrapy.spidermiddlewares.offsite.OffsiteMiddleware',
 'scrapy.spidermiddlewares.referer.RefererMiddleware',
 'scrapy.spidermiddlewares.urllength.UrlLengthMiddleware',
 'scrapy.spidermiddlewares.depth.DepthMiddleware']
2019-09-12 19:43:45 [scrapy.middleware] INFO: Enabled item pipelines:
['Maoyan.pipelines.MaoyanPipeline']
2019-09-12 19:43:45 [scrapy.core.engine] INFO: Spider opened
2019-09-12 19:43:45 [scrapy.extensions.logstats] INFO: Crawled 0 pages (at 0 pages/min), scraped 0 items (at 0 items/min)
2019-09-12 19:43:45 [scrapy.extensions.telnet] INFO: Telnet console listening on 127.0.0.1:6023
2019-09-12 19:43:46 [scrapy.core.engine] INFO: Closing spider (finished)
2019-09-12 19:43:46 [scrapy.extensions.feedexport] INFO: Stored json feed (100 items) in: maoyan.json
2019-09-12 19:43:46 [scrapy.statscollectors] INFO: Dumping Scrapy stats:
{'downloader/request_bytes': 2029,
 'downloader/request_count': 10,
 'downloader/request_method_count/GET': 10,
 'downloader/response_bytes': 63423,
 'downloader/response_count': 10,
 'downloader/response_status_count/200': 10,
 'finish_reason': 'finished',
 'finish_time': datetime.datetime(2019, 9, 12, 11, 43, 46, 130699),
 'item_scraped_count': 100,
 'log_count/INFO': 10,
 'memusage/max': 1498177536,
 'memusage/startup': 1498177536,
 'response_received_count': 10,
 'scheduler/dequeued': 10,
 'scheduler/dequeued/memory': 10,
 'scheduler/enqueued': 10,
 'scheduler/enqueued/memory': 10,
 'start_time': datetime.datetime(2019, 9, 12, 11, 43, 45, 425493)}
2019-09-12 19:43:46 [scrapy.core.engine] INFO: Spider closed (finished)
2019-09-12 19:44:55 [scrapy.utils.log] INFO: Scrapy 1.6.0 started (bot: Maoyan)
2019-09-12 19:44:55 [scrapy.utils.log] INFO: Versions: lxml 4.3.2.0, libxml2 2.9.9, cssselect 1.0.3, parsel 1.5.1, w3lib 1.20.0, Twisted 18.9.0, Python 3.6.8 (default, Aug 20 2019, 17:12:48) - [GCC 8.3.0], pyOpenSSL 19.0.0 (OpenSSL 1.1.1b  26 Feb 2019), cryptography 2.6.1, Platform Linux-5.0.0-27-generic-x86_64-with-Ubuntu-18.04-bionic
2019-09-12 19:44:55 [scrapy.crawler] INFO: Overridden settings: {'BOT_NAME': 'Maoyan', 'FEED_EXPORT_ENCODING': 'utf-8', 'FEED_FORMAT': 'json', 'FEED_URI': 'maoyan.json', 'LOG_FILE': 'maoyan.log', 'LOG_LEVEL': 'INFO', 'NEWSPIDER_MODULE': 'Maoyan.spiders', 'SPIDER_MODULES': ['Maoyan.spiders']}
2019-09-12 19:44:55 [scrapy.extensions.telnet] INFO: Telnet Password: cbb48b23ca653169
2019-09-12 19:44:55 [scrapy.middleware] INFO: Enabled extensions:
['scrapy.extensions.corestats.CoreStats',
 'scrapy.extensions.telnet.TelnetConsole',
 'scrapy.extensions.memusage.MemoryUsage',
 'scrapy.extensions.feedexport.FeedExporter',
 'scrapy.extensions.logstats.LogStats']
2019-09-12 19:44:55 [scrapy.middleware] INFO: Enabled downloader middlewares:
['scrapy.downloadermiddlewares.httpauth.HttpAuthMiddleware',
 'scrapy.downloadermiddlewares.downloadtimeout.DownloadTimeoutMiddleware',
 'scrapy.downloadermiddlewares.defaultheaders.DefaultHeadersMiddleware',
 'scrapy.downloadermiddlewares.useragent.UserAgentMiddleware',
 'scrapy.downloadermiddlewares.retry.RetryMiddleware',
 'scrapy.downloadermiddlewares.redirect.MetaRefreshMiddleware',
 'scrapy.downloadermiddlewares.httpcompression.HttpCompressionMiddleware',
 'scrapy.downloadermiddlewares.redirect.RedirectMiddleware',
 'scrapy.downloadermiddlewares.cookies.CookiesMiddleware',
 'scrapy.downloadermiddlewares.httpproxy.HttpProxyMiddleware',
 'scrapy.downloadermiddlewares.stats.DownloaderStats']
2019-09-12 19:44:55 [scrapy.middleware] INFO: Enabled spider middlewares:
['scrapy.spidermiddlewares.httperror.HttpErrorMiddleware',
 'scrapy.spidermiddlewares.offsite.OffsiteMiddleware',
 'scrapy.spidermiddlewares.referer.RefererMiddleware',
 'scrapy.spidermiddlewares.urllength.UrlLengthMiddleware',
 'scrapy.spidermiddlewares.depth.DepthMiddleware']
2019-09-12 19:44:55 [scrapy.middleware] INFO: Enabled item pipelines:
['Maoyan.pipelines.MaoyanPipeline']
2019-09-12 19:44:55 [scrapy.core.engine] INFO: Spider opened
2019-09-12 19:44:55 [scrapy.extensions.logstats] INFO: Crawled 0 pages (at 0 pages/min), scraped 0 items (at 0 items/min)
2019-09-12 19:44:55 [scrapy.extensions.telnet] INFO: Telnet console listening on 127.0.0.1:6023
2019-09-12 19:44:56 [scrapy.core.engine] INFO: Closing spider (finished)
2019-09-12 19:44:56 [scrapy.extensions.feedexport] INFO: Stored json feed (100 items) in: maoyan.json
2019-09-12 19:44:56 [scrapy.statscollectors] INFO: Dumping Scrapy stats:
{'downloader/request_bytes': 2029,
 'downloader/request_count': 10,
 'downloader/request_method_count/GET': 10,
 'downloader/response_bytes': 63428,
 'downloader/response_count': 10,
 'downloader/response_status_count/200': 10,
 'finish_reason': 'finished',
 'finish_time': datetime.datetime(2019, 9, 12, 11, 44, 56, 363960),
 'item_scraped_count': 100,
 'log_count/INFO': 10,
 'memusage/max': 1498177536,
 'memusage/startup': 1498177536,
 'response_received_count': 10,
 'scheduler/dequeued': 10,
 'scheduler/dequeued/memory': 10,
 'scheduler/enqueued': 10,
 'scheduler/enqueued/memory': 10,
 'start_time': datetime.datetime(2019, 9, 12, 11, 44, 55, 834946)}
2019-09-12 19:44:56 [scrapy.core.engine] INFO: Spider closed (finished)
